<?xml version="1.0" encoding="UTF-8"?>
<!-- Generated by org.testng.reporters.JUnitReportReporter -->
<testsuite hostname="DESKTOP-GEMRENE" name="com.qa.tests.GoogleTitileTest" tests="2" failures="0" timestamp="2 May 2019 15:47:51 GMT" time="16.140" errors="0">
  <testcase name="gmaillinkTest" time="7.375" classname="com.qa.tests.GoogleTitileTest"/>
  <testcase name="gmailClickTest" time="8.765" classname="com.qa.tests.GoogleTitileTest"/>
</testsuite> <!-- com.qa.tests.GoogleTitileTest -->
