<?xml version="1.0" encoding="UTF-8"?>
<!-- Generated by org.testng.reporters.JUnitReportReporter -->
<testsuite hostname="DESKTOP-GEMRENE" name="com.qa.tests.WebTest2" tests="4" failures="0" timestamp="1 May 2019 18:38:11 GMT" time="0.000" errors="0">
  <testcase name="div" time="0.000" classname="com.qa.tests.WebTest2"/>
  <testcase name="sub" time="0.000" classname="com.qa.tests.WebTest2"/>
  <testcase name="multi" time="0.000" classname="com.qa.tests.WebTest2"/>
  <testcase name="sum" time="0.000" classname="com.qa.tests.WebTest2"/>
</testsuite> <!-- com.qa.tests.WebTest2 -->
