<?xml version="1.0" encoding="UTF-8"?>
<!-- Generated by org.testng.reporters.JUnitReportReporter -->
<testsuite hostname="DESKTOP-GEMRENE" name="com.qa.tests.WebTest" tests="4" failures="0" timestamp="1 May 2019 18:38:11 GMT" time="0.028" errors="0">
  <testcase name="multi" time="0.000" classname="com.qa.tests.WebTest"/>
  <testcase name="sub" time="0.000" classname="com.qa.tests.WebTest"/>
  <testcase name="sum" time="0.000" classname="com.qa.tests.WebTest"/>
  <testcase name="div" time="0.028" classname="com.qa.tests.WebTest"/>
</testsuite> <!-- com.qa.tests.WebTest -->
