<?xml version="1.0" encoding="UTF-8"?>
<!-- Generated by org.testng.reporters.JUnitReportReporter -->
<testsuite hostname="DESKTOP-GEMRENE" name="com.qa.tests.GoogleTitileTest" tests="9" failures="0" timestamp="2 May 2019 16:01:21 GMT" time="59.344" errors="0">
  <testcase name="googleLogoTest" time="5.724" classname="com.qa.tests.GoogleTitileTest"/>
  <testcase name="googleLogoTest" time="5.690" classname="com.qa.tests.GoogleTitileTest"/>
  <testcase name="gmailClickTest" time="10.870" classname="com.qa.tests.GoogleTitileTest"/>
  <testcase name="googleLogoTest" time="5.791" classname="com.qa.tests.GoogleTitileTest"/>
  <testcase name="googleLogoTest" time="5.783" classname="com.qa.tests.GoogleTitileTest"/>
  <testcase name="gmailLinkTest" time="5.763" classname="com.qa.tests.GoogleTitileTest"/>
  <testcase name="gmaillinkTest" time="8.493" classname="com.qa.tests.GoogleTitileTest"/>
  <testcase name="googleLogoTest" time="5.639" classname="com.qa.tests.GoogleTitileTest"/>
  <testcase name="googleTitleTest" time="5.591" classname="com.qa.tests.GoogleTitileTest"/>
</testsuite> <!-- com.qa.tests.GoogleTitileTest -->
